FlexLayout/library/build/intermediates/manifest_merge_blame_file/debug/processDebugManifest/manifest-merger-blame-debug-report.txt
1<?xml version="1.0" encoding="utf-8"?>
2<manifest xmlns:android="http://schemas.android.com/apk/res/android"
3    package="com.github.mmin18.flexlayout"
4    android:versionCode="1"
5    android:versionName="1.0" >
6
7    <uses-sdk android:minSdkVersion="21" />
7-->FlexLayout\library\AndroidManifest.xml:7:5-9:41
7-->FlexLayout\library\AndroidManifest.xml:8:9-34
8
9</manifest>